2025-11-18 20:56:02 [INFO] src.storage_manager: Database version is 1, initializing/upgrading schema to version 2.
2025-11-18 20:56:02 [INFO] src.storage_manager: Dropping outdated 'files' table.
2025-11-18 20:56:02 [WARNING] src.orchestrator: Extraction failed for 1 files:
2025-11-18 20:56:02 [WARNING] src.orchestrator:   - test/badfile.dll: Unsupported file type
2025-11-18 20:56:02 [INFO] src.storage_manager: Saved batch of 2 records.
2025-11-18 20:56:02 [INFO] src.storage_manager: Successfully saved a total of 2 records to the database.
2025-11-18 20:56:02 [INFO] src.orchestrator: Orchestration complete. Succeeded: 2, Failed: 1.
2025-11-18 20:56:02 [INFO] __main__: Check 'skill_scope.db' for persisted data.
2025-11-18 21:44:38 [INFO] __main__: Running in DEV mode. Loading mock implementations.
2025-11-18 21:44:39 [WARNING] src.core.orchestrator: Extraction failed for 1 files:
2025-11-18 21:44:39 [WARNING] src.core.orchestrator:   - test/badfile.dll: Unsupported file type
2025-11-18 21:44:39 [INFO] src.core.orchestrator: Orchestration complete. Succeeded: 2, Failed: 1.
2025-11-18 21:44:39 [INFO] __main__: Check 'skill_scope.db' for persisted data.
2025-11-18 22:11:55 [INFO] __main__: Running in DEV mode. Loading mock implementations.
2025-11-18 22:11:55 [WARNING] src.core.orchestrator: Extraction failed for 1 files:
2025-11-18 22:11:55 [WARNING] src.core.orchestrator:   - test/badfile.dll: Unsupported file type
2025-11-18 22:11:55 [INFO] src.core.orchestrator: Orchestration complete. Succeeded: 2, Failed: 1.
2025-11-18 22:11:55 [INFO] __main__: Check 'skill_scope.db' for persisted data.
2025-11-18 22:12:26 [INFO] __main__: Running in PROD mode. Loading real implementations.
2025-11-18 22:12:26 [INFO] src.components.extractor: Successfully loaded 72 category filters and 22 language filters.
2025-11-18 22:12:42 [INFO] __main__: Running in PROD mode. Loading real implementations.
2025-11-18 22:12:42 [INFO] src.components.extractor: Successfully loaded 72 category filters and 22 language filters.
2025-11-18 22:13:58 [ERROR] src.components.scanner: Scan failed: Invalid zip file path.
2025-11-18 23:00:01 [INFO] __main__: Running in PROD mode. Loading real implementations.
2025-11-18 23:00:01 [INFO] src.components.extractor: Successfully loaded 72 category filters and 22 language filters.
2025-11-18 23:00:05 [INFO] src.components.storage: Database version is 2, initializing/upgrading schema to version 3.
2025-11-18 23:00:05 [INFO] src.components.storage: Dropping outdated 'files' table to apply new schema.
